Determining if the pthread_create exist failed with the following output:
Change Dir: /home/pnt/catkin_pratik_ws/build/CMakeFiles/CMakeTmp

Run Build Command:"/usr/bin/make" "cmTC_7f19d/fast"
/usr/bin/make -f CMakeFiles/cmTC_7f19d.dir/build.make CMakeFiles/cmTC_7f19d.dir/build
make[1]: Entering directory '/home/pnt/catkin_pratik_ws/build/CMakeFiles/CMakeTmp'
Building C object CMakeFiles/cmTC_7f19d.dir/CheckSymbolExists.c.o
/usr/bin/cc    -o CMakeFiles/cmTC_7f19d.dir/CheckSymbolExists.c.o   -c /home/pnt/catkin_pratik_ws/build/CMakeFiles/CMakeTmp/CheckSymbolExists.c
Linking C executable cmTC_7f19d
/usr/bin/cmake -E cmake_link_script CMakeFiles/cmTC_7f19d.dir/link.txt --verbose=1
/usr/bin/cc      -rdynamic CMakeFiles/cmTC_7f19d.dir/CheckSymbolExists.c.o  -o cmTC_7f19d 
CMakeFiles/cmTC_7f19d.dir/CheckSymbolExists.c.o: In function `main':
CheckSymbolExists.c:(.text+0x14): undefined reference to `pthread_create'
CheckSymbolExists.c:(.text+0x18): undefined reference to `pthread_create'
collect2: error: ld returned 1 exit status
CMakeFiles/cmTC_7f19d.dir/build.make:97: recipe for target 'cmTC_7f19d' failed
make[1]: *** [cmTC_7f19d] Error 1
make[1]: Leaving directory '/home/pnt/catkin_pratik_ws/build/CMakeFiles/CMakeTmp'
Makefile:126: recipe for target 'cmTC_7f19d/fast' failed
make: *** [cmTC_7f19d/fast] Error 2

File /home/pnt/catkin_pratik_ws/build/CMakeFiles/CMakeTmp/CheckSymbolExists.c:
/* */
#include <pthread.h>

int main(int argc, char** argv)
{
  (void)argv;
#ifndef pthread_create
  return ((int*)(&pthread_create))[argc];
#else
  (void)argc;
  return 0;
#endif
}

Determining if the function pthread_create exists in the pthreads failed with the following output:
Change Dir: /home/pnt/catkin_pratik_ws/build/CMakeFiles/CMakeTmp

Run Build Command:"/usr/bin/make" "cmTC_58b02/fast"
/usr/bin/make -f CMakeFiles/cmTC_58b02.dir/build.make CMakeFiles/cmTC_58b02.dir/build
make[1]: Entering directory '/home/pnt/catkin_pratik_ws/build/CMakeFiles/CMakeTmp'
Building C object CMakeFiles/cmTC_58b02.dir/CheckFunctionExists.c.o
/usr/bin/cc   -DCHECK_FUNCTION_EXISTS=pthread_create   -o CMakeFiles/cmTC_58b02.dir/CheckFunctionExists.c.o   -c /usr/share/cmake-3.10/Modules/CheckFunctionExists.c
Linking C executable cmTC_58b02
/usr/bin/cmake -E cmake_link_script CMakeFiles/cmTC_58b02.dir/link.txt --verbose=1
/usr/bin/cc  -DCHECK_FUNCTION_EXISTS=pthread_create    -rdynamic CMakeFiles/cmTC_58b02.dir/CheckFunctionExists.c.o  -o cmTC_58b02 -lpthreads 
/usr/bin/ld: cannot find -lpthreads
collect2: error: ld returned 1 exit status
CMakeFiles/cmTC_58b02.dir/build.make:97: recipe for target 'cmTC_58b02' failed
make[1]: *** [cmTC_58b02] Error 1
make[1]: Leaving directory '/home/pnt/catkin_pratik_ws/build/CMakeFiles/CMakeTmp'
Makefile:126: recipe for target 'cmTC_58b02/fast' failed
make: *** [cmTC_58b02/fast] Error 2


